Build started 12/11/2014 11:51:49 AM.
     1>Project "C:\Users\RRuts_000\Documents\Graphics Project\GraphicsProject3\CardGamev2\CardGamev2.vcxproj" on node 2 (build target(s)).
     1>InitializeBuildStatus:
         Creating "Debug\CardGamev2.unsuccessfulbuild" because "AlwaysCreate" was specified.
       ClCompile:
         C:\Program Files (x86)\Microsoft Visual Studio 10.0\VC\bin\CL.exe /c /I"C:\opengl-wrappers\glfw-3.0.1.bin.WIN32\include" /I"C:\opengl-wrappers\glew\glew-1.9.0\include" /I"C:\Users\JBrookshaw\Documents\Visual Studio 2010\Projects\CardGame_v2\GraphicsProject\CardGamev2\external\assimp\include" /I"C:\glm-0.9.4.0" /I"C:\freeglut-2.8.1\include" /ZI /nologo /W3 /WX- /Od /Oy- /D WIN32 /D _DEBUG /D _CONSOLE /D _UNICODE /D UNICODE /Gm /EHsc /RTC1 /MDd /GS /fp:precise /Zc:wchar_t /Zc:forScope /Fo"Debug\\" /Fd"Debug\vc100.pdb" /Gd /TP /analyze- /errorReport:prompt main.cpp utils\p1controls.cpp utils\p2controls.cpp
         p2controls.cpp
         p1controls.cpp
         main.cpp
     1>c:\users\rruts_000\documents\graphics project\graphicsproject3\cardgamev2\main.cpp(682): warning C4996: 'sprintf': This function or variable may be unsafe. Consider using sprintf_s instead. To disable deprecation, use _CRT_SECURE_NO_WARNINGS. See online help for details.
                 c:\program files (x86)\microsoft visual studio 10.0\vc\include\stdio.h(371) : see declaration of 'sprintf'
     1>c:\users\rruts_000\documents\graphics project\graphicsproject3\cardgamev2\main.cpp(685): warning C4996: 'sprintf': This function or variable may be unsafe. Consider using sprintf_s instead. To disable deprecation, use _CRT_SECURE_NO_WARNINGS. See online help for details.
                 c:\program files (x86)\microsoft visual studio 10.0\vc\include\stdio.h(371) : see declaration of 'sprintf'
     1>c:\users\rruts_000\documents\graphics project\graphicsproject3\cardgamev2\main.cpp(690): warning C4996: 'sprintf': This function or variable may be unsafe. Consider using sprintf_s instead. To disable deprecation, use _CRT_SECURE_NO_WARNINGS. See online help for details.
                 c:\program files (x86)\microsoft visual studio 10.0\vc\include\stdio.h(371) : see declaration of 'sprintf'
     1>c:\users\rruts_000\documents\graphics project\graphicsproject3\cardgamev2\main.cpp(694): warning C4996: 'sprintf': This function or variable may be unsafe. Consider using sprintf_s instead. To disable deprecation, use _CRT_SECURE_NO_WARNINGS. See online help for details.
                 c:\program files (x86)\microsoft visual studio 10.0\vc\include\stdio.h(371) : see declaration of 'sprintf'
     1>c:\users\rruts_000\documents\graphics project\graphicsproject3\cardgamev2\main.cpp(702): warning C4996: 'sprintf': This function or variable may be unsafe. Consider using sprintf_s instead. To disable deprecation, use _CRT_SECURE_NO_WARNINGS. See online help for details.
                 c:\program files (x86)\microsoft visual studio 10.0\vc\include\stdio.h(371) : see declaration of 'sprintf'
     1>c:\users\rruts_000\documents\graphics project\graphicsproject3\cardgamev2\main.cpp(705): warning C4996: 'sprintf': This function or variable may be unsafe. Consider using sprintf_s instead. To disable deprecation, use _CRT_SECURE_NO_WARNINGS. See online help for details.
                 c:\program files (x86)\microsoft visual studio 10.0\vc\include\stdio.h(371) : see declaration of 'sprintf'
     1>c:\users\rruts_000\documents\graphics project\graphicsproject3\cardgamev2\main.cpp(715): warning C4996: 'sprintf': This function or variable may be unsafe. Consider using sprintf_s instead. To disable deprecation, use _CRT_SECURE_NO_WARNINGS. See online help for details.
                 c:\program files (x86)\microsoft visual studio 10.0\vc\include\stdio.h(371) : see declaration of 'sprintf'
     1>c:\users\rruts_000\documents\graphics project\graphicsproject3\cardgamev2\main.cpp(723): warning C4996: 'sprintf': This function or variable may be unsafe. Consider using sprintf_s instead. To disable deprecation, use _CRT_SECURE_NO_WARNINGS. See online help for details.
                 c:\program files (x86)\microsoft visual studio 10.0\vc\include\stdio.h(371) : see declaration of 'sprintf'
         Generating Code...
       ManifestResourceCompile:
         All outputs are up-to-date.
       Link:
         C:\Program Files (x86)\Microsoft Visual Studio 10.0\VC\bin\link.exe /ERRORREPORT:PROMPT /OUT:"C:\Users\RRuts_000\Documents\Graphics Project\GraphicsProject3\Debug\CardGamev2.exe" /INCREMENTAL /NOLOGO /LIBPATH:"C:\freeglut-2.8.1\lib" /LIBPATH:"C:\openGL\glew-1.9.0\lib" /LIBPATH:"C:\openGL\glfw-3.0.3.bin.WIN32\lib-msvc100" /LIBPATH:"C:\opengl-wrappers\glew\glew-1.9.0\lib" /LIBPATH:"C:\opengl-wrappers\glfw-3.0.1.bin.WIN32\lib-msvc100" opengl32.lib glu32.lib glew32.lib glfw3.lib "C:\freeglut-2.8.1\lib\x86\Debug\freeglut.lib" "C:\assimp-3.0.1270\contrib\zlib\Debug\zlibd.lib" kernel32.lib user32.lib gdi32.lib winspool.lib comdlg32.lib advapi32.lib shell32.lib ole32.lib oleaut32.lib uuid.lib odbc32.lib odbccp32.lib /MANIFEST /ManifestFile:"Debug\CardGamev2.exe.intermediate.manifest" /MANIFESTUAC:"level='asInvoker' uiAccess='false'" /DEBUG /PDB:"C:\Users\RRuts_000\Documents\Graphics Project\GraphicsProject3\Debug\CardGamev2.pdb" /SUBSYSTEM:CONSOLE /TLBID:1 /DYNAMICBASE /NXCOMPAT /IMPLIB:"C:\Users\RRuts_000\Documents\Graphics Project\GraphicsProject3\Debug\CardGamev2.lib" /MACHINE:X86 Debug\CardGamev2.exe.embed.manifest.res
         Debug\p1controls.obj
         Debug\main.obj
         Debug\objloader.obj
         Debug\p2controls.obj
         Debug\shader.obj
         Debug\text2D.obj
         Debug\texture.obj
         Debug\vboindexer.obj
         Debug\objloader.obj
         Debug\shader.obj
         Debug\texture.obj
       Manifest:
         C:\Program Files (x86)\Microsoft SDKs\Windows\v7.0A\bin\mt.exe /nologo /verbose /out:"Debug\CardGamev2.exe.embed.manifest" /manifest Debug\CardGamev2.exe.intermediate.manifest
         All outputs are up-to-date.
       LinkEmbedManifest:
         All outputs are up-to-date.
         CardGamev2.vcxproj -> C:\Users\RRuts_000\Documents\Graphics Project\GraphicsProject3\Debug\CardGamev2.exe
       FinalizeBuildStatus:
         Deleting file "Debug\CardGamev2.unsuccessfulbuild".
         Touching "Debug\CardGamev2.lastbuildstate".
     1>Done Building Project "C:\Users\RRuts_000\Documents\Graphics Project\GraphicsProject3\CardGamev2\CardGamev2.vcxproj" (build target(s)).

Build succeeded.

Time Elapsed 00:00:01.82
