C:\USERS\RRUTS_000\DOCUMENTS\GRAPHICS PROJECT\GRAPHICSPROJECT3\CARDGAMEV2\DEBUG\CARDGAMEV2.EXE.EMBED.MANIFEST
C:\USERS\RRUTS_000\DOCUMENTS\GRAPHICS PROJECT\GRAPHICSPROJECT3\CARDGAMEV2\DEBUG\CARDGAMEV2.EXE.EMBED.MANIFEST.RES
C:\USERS\RRUTS_000\DOCUMENTS\GRAPHICS PROJECT\GRAPHICSPROJECT3\CARDGAMEV2\DEBUG\CARDGAMEV2.EXE.INTERMEDIATE.MANIFEST
C:\Users\RRuts_000\Documents\Graphics Project\GraphicsProject3\CardGamev2\Debug\CardGamev2.write.1.tlog
C:\Users\RRuts_000\Documents\Graphics Project\GraphicsProject3\CardGamev2\Debug\CardGamev2_manifest.rc
C:\Users\RRuts_000\Documents\Graphics Project\GraphicsProject3\CardGamev2\Debug\cl.command.1.tlog
C:\Users\RRuts_000\Documents\Graphics Project\GraphicsProject3\CardGamev2\Debug\CL.read.1.tlog
C:\Users\RRuts_000\Documents\Graphics Project\GraphicsProject3\CardGamev2\Debug\CL.write.1.tlog
C:\Users\RRuts_000\Documents\Graphics Project\GraphicsProject3\CardGamev2\Debug\link.9856.read.1.tlog
C:\Users\RRuts_000\Documents\Graphics Project\GraphicsProject3\CardGamev2\Debug\link.9856.write.1.tlog
C:\Users\RRuts_000\Documents\Graphics Project\GraphicsProject3\CardGamev2\Debug\link.9856-cvtres.read.1.tlog
C:\Users\RRuts_000\Documents\Graphics Project\GraphicsProject3\CardGamev2\Debug\link.9856-cvtres.write.1.tlog
C:\Users\RRuts_000\Documents\Graphics Project\GraphicsProject3\CardGamev2\Debug\link.command.1.tlog
C:\Users\RRuts_000\Documents\Graphics Project\GraphicsProject3\CardGamev2\Debug\link.read.1.tlog
C:\Users\RRuts_000\Documents\Graphics Project\GraphicsProject3\CardGamev2\Debug\link.write.1.tlog
C:\Users\RRuts_000\Documents\Graphics Project\GraphicsProject3\CardGamev2\Debug\link-cvtres.read.1.tlog
C:\Users\RRuts_000\Documents\Graphics Project\GraphicsProject3\CardGamev2\Debug\link-cvtres.write.1.tlog
C:\USERS\RRUTS_000\DOCUMENTS\GRAPHICS PROJECT\GRAPHICSPROJECT3\CARDGAMEV2\DEBUG\MAIN.OBJ
C:\Users\RRuts_000\Documents\Graphics Project\GraphicsProject3\CardGamev2\Debug\mt.command.1.tlog
C:\Users\RRuts_000\Documents\Graphics Project\GraphicsProject3\CardGamev2\Debug\mt.read.1.tlog
C:\Users\RRuts_000\Documents\Graphics Project\GraphicsProject3\CardGamev2\Debug\mt.write.1.tlog
C:\USERS\RRUTS_000\DOCUMENTS\GRAPHICS PROJECT\GRAPHICSPROJECT3\CARDGAMEV2\DEBUG\OBJLOADER.OBJ
C:\USERS\RRUTS_000\DOCUMENTS\GRAPHICS PROJECT\GRAPHICSPROJECT3\CARDGAMEV2\DEBUG\P1CONTROLS.OBJ
C:\USERS\RRUTS_000\DOCUMENTS\GRAPHICS PROJECT\GRAPHICSPROJECT3\CARDGAMEV2\DEBUG\P2CONTROLS.OBJ
C:\Users\RRuts_000\Documents\Graphics Project\GraphicsProject3\CardGamev2\Debug\rc.command.1.tlog
C:\Users\RRuts_000\Documents\Graphics Project\GraphicsProject3\CardGamev2\Debug\rc.read.1.tlog
C:\Users\RRuts_000\Documents\Graphics Project\GraphicsProject3\CardGamev2\Debug\rc.write.1.tlog
C:\USERS\RRUTS_000\DOCUMENTS\GRAPHICS PROJECT\GRAPHICSPROJECT3\CARDGAMEV2\DEBUG\SHADER.OBJ
C:\USERS\RRUTS_000\DOCUMENTS\GRAPHICS PROJECT\GRAPHICSPROJECT3\CARDGAMEV2\DEBUG\TEXTURE.OBJ
C:\USERS\RRUTS_000\DOCUMENTS\GRAPHICS PROJECT\GRAPHICSPROJECT3\CARDGAMEV2\DEBUG\VBOINDEXER.OBJ
C:\Users\RRuts_000\Documents\Graphics Project\GraphicsProject3\CardGamev2\Debug\vc100.idb
C:\USERS\RRUTS_000\DOCUMENTS\GRAPHICS PROJECT\GRAPHICSPROJECT3\CARDGAMEV2\DEBUG\VC100.PDB
C:\USERS\RRUTS_000\DOCUMENTS\GRAPHICS PROJECT\GRAPHICSPROJECT3\DEBUG\CARDGAMEV2.EXE
C:\USERS\RRUTS_000\DOCUMENTS\GRAPHICS PROJECT\GRAPHICSPROJECT3\DEBUG\CARDGAMEV2.ILK
C:\USERS\RRUTS_000\DOCUMENTS\GRAPHICS PROJECT\GRAPHICSPROJECT3\DEBUG\CARDGAMEV2.PDB
